<?xml version="1.0" encoding="UTF-8"?>
<testsuite xmlns:xsi="http://www.w3.org/2001/XMLSchema-instance" xsi:noNamespaceSchemaLocation="https://maven.apache.org/surefire/maven-surefire-plugin/xsd/surefire-test-report-3.0.xsd" version="3.0" name="com.example.kaiburr.KaiburrApplicationTests" time="10.738" tests="1" errors="0" skipped="0" failures="0">
  <properties>
[...]
</properties>
  <testcase name="contextLoads" classname="com.example.kaiburr.KaiburrApplicationTests" time="1.579">
    <system-out><![CDATA[00:37:21.552 [main] INFO org.springframework.test.context.support.AnnotationConfigContextLoaderUtils -- Could not detect default configuration classes for test class [com.example.kaiburr.KaiburrApplicationTests]: KaiburrApplicationTests does not declare any static, non-private, non-final, nested classes annotated with @Configuration.
00:37:21.915 [main] INFO org.springframework.boot.test.context.SpringBootTestContextBootstrapper -- Found @SpringBootConfiguration com.example.kaiburr.KaiburrApplication for test class com.example.kaiburr.KaiburrApplicationTests

  .   ____          _            __ _ _
 /\\ / ___'_ __ _ _(_)_ __  __ _ \ \ \ \
( ( )\___ | '_ | '_| | '_ \/ _` | \ \ \ \
 \\/  ___)| |_)| | | | | || (_| |  ) ) ) )
  '  |____| .__|_| |_|_| |_\__, | / / / /
 =========|_|==============|___/=/_/_/_/
 :: Spring Boot ::                (v3.2.1)

2024-01-15T00:37:23.440+05:30  INFO 27156 --- [           main] c.e.kaiburr.KaiburrApplicationTests      : Starting KaiburrApplicationTests using Java 21.0.1 with PID 27156 (started by suren in D:\Github\Kaiburr-Assignment)
2024-01-15T00:37:23.444+05:30  INFO 27156 --- [           main] c.e.kaiburr.KaiburrApplicationTests      : No active profile set, falling back to 1 default profile: "default"
2024-01-15T00:37:25.088+05:30  INFO 27156 --- [           main] .s.d.r.c.RepositoryConfigurationDelegate : Bootstrapping Spring Data MongoDB repositories in DEFAULT mode.
2024-01-15T00:37:25.274+05:30  INFO 27156 --- [           main] .s.d.r.c.RepositoryConfigurationDelegate : Finished Spring Data repository scanning in 172 ms. Found 1 MongoDB repository interface.
2024-01-15T00:37:27.064+05:30  INFO 27156 --- [           main] org.mongodb.driver.client                : MongoClient with metadata {"driver": {"name": "mongo-java-driver|sync|spring-boot", "version": "4.11.1"}, "os": {"type": "Windows", "name": "Windows 11", "architecture": "amd64", "version": "10.0"}, "platform": "Java/Eclipse Adoptium/21.0.1+12-LTS"} created with settings MongoClientSettings{readPreference=primary, writeConcern=WriteConcern{w=majority, wTimeout=null ms, journal=null}, retryWrites=true, retryReads=true, readConcern=ReadConcern{level=null}, credential=MongoCredential{mechanism=null, userName='surendran', source='admin', password=<hidden>, mechanismProperties=<hidden>}, transportSettings=null, streamFactoryFactory=null, commandListeners=[], codecRegistry=ProvidersCodecRegistry{codecProviders=[ValueCodecProvider{}, BsonValueCodecProvider{}, DBRefCodecProvider{}, DBObjectCodecProvider{}, DocumentCodecProvider{}, CollectionCodecProvider{}, IterableCodecProvider{}, MapCodecProvider{}, GeoJsonCodecProvider{}, GridFSFileCodecProvider{}, Jsr310CodecProvider{}, JsonObjectCodecProvider{}, BsonCodecProvider{}, EnumCodecProvider{}, com.mongodb.client.model.mql.ExpressionCodecProvider@7209ffb5, com.mongodb.Jep395RecordCodecProvider@5e99b9c, com.mongodb.KotlinCodecProvider@2fe74516]}, loggerSettings=LoggerSettings{maxDocumentLength=1000}, clusterSettings={hosts=[127.0.0.1:27017], srvHost=cluster1.ykuyeun.mongodb.net, srvServiceName=mongodb, mode=MULTIPLE, requiredClusterType=REPLICA_SET, requiredReplicaSetName='atlas-ianckl-shard-0', serverSelector='null', clusterListeners='[]', serverSelectionTimeout='30000 ms', localThreshold='15 ms'}, socketSettings=SocketSettings{connectTimeoutMS=10000, readTimeoutMS=0, receiveBufferSize=0, proxySettings=ProxySettings{host=null, port=null, username=null, password=null}}, heartbeatSocketSettings=SocketSettings{connectTimeoutMS=10000, readTimeoutMS=10000, receiveBufferSize=0, proxySettings=ProxySettings{host=null, port=null, username=null, password=null}}, connectionPoolSettings=ConnectionPoolSettings{maxSize=100, minSize=0, maxWaitTimeMS=120000, maxConnectionLifeTimeMS=0, maxConnectionIdleTimeMS=0, maintenanceInitialDelayMS=0, maintenanceFrequencyMS=60000, connectionPoolListeners=[], maxConnecting=2}, serverSettings=ServerSettings{heartbeatFrequencyMS=10000, minHeartbeatFrequencyMS=500, serverListeners='[]', serverMonitorListeners='[]'}, sslSettings=SslSettings{enabled=true, invalidHostNameAllowed=false, context=null}, applicationName='null', compressorList=[], uuidRepresentation=JAVA_LEGACY, serverApi=null, autoEncryptionSettings=null, dnsClient=null, inetAddressResolver=null, contextProvider=null}
2024-01-15T00:37:27.452+05:30  INFO 27156 --- [eun.mongodb.net] org.mongodb.driver.cluster               : Adding discovered server ac-gcvw2xq-shard-00-02.ykuyeun.mongodb.net:27017 to client view of cluster
2024-01-15T00:37:27.615+05:30  INFO 27156 --- [eun.mongodb.net] org.mongodb.driver.cluster               : Adding discovered server ac-gcvw2xq-shard-00-01.ykuyeun.mongodb.net:27017 to client view of cluster
2024-01-15T00:37:27.634+05:30  INFO 27156 --- [eun.mongodb.net] org.mongodb.driver.cluster               : Adding discovered server ac-gcvw2xq-shard-00-00.ykuyeun.mongodb.net:27017 to client view of cluster
2024-01-15T00:37:29.517+05:30  INFO 27156 --- [ngodb.net:27017] org.mongodb.driver.cluster               : Monitor thread successfully connected to server with description ServerDescription{address=ac-gcvw2xq-shard-00-00.ykuyeun.mongodb.net:27017, type=REPLICA_SET_SECONDARY, state=CONNECTED, ok=true, minWireVersion=0, maxWireVersion=17, maxDocumentSize=16777216, logicalSessionTimeoutMinutes=30, roundTripTimeNanos=757849400, setName='atlas-ianckl-shard-0', canonicalAddress=ac-gcvw2xq-shard-00-00.ykuyeun.mongodb.net:27017, hosts=[ac-gcvw2xq-shard-00-00.ykuyeun.mongodb.net:27017, ac-gcvw2xq-shard-00-02.ykuyeun.mongodb.net:27017, ac-gcvw2xq-shard-00-01.ykuyeun.mongodb.net:27017], passives=[], arbiters=[], primary='ac-gcvw2xq-shard-00-02.ykuyeun.mongodb.net:27017', tagSet=TagSet{[Tag{name='availabilityZone', value='aps1-az1'}, Tag{name='diskState', value='READY'}, Tag{name='nodeType', value='ELECTABLE'}, Tag{name='provider', value='AWS'}, Tag{name='region', value='AP_SOUTH_1'}, Tag{name='workloadType', value='OPERATIONAL'}]}, electionId=null, setVersion=2, topologyVersion=TopologyVersion{processId=659d5b8d33d48618bfdfc682, counter=10}, lastWriteDate=Mon Jan 15 00:37:30 IST 2024, lastUpdateTimeNanos=302922343652700}
2024-01-15T00:37:29.883+05:30  INFO 27156 --- [           main] c.e.kaiburr.KaiburrApplicationTests      : Started KaiburrApplicationTests in 7.342 seconds (process running for 10.924)
2024-01-15T00:37:29.884+05:30  INFO 27156 --- [ngodb.net:27017] org.mongodb.driver.cluster               : Monitor thread successfully connected to server with description ServerDescription{address=ac-gcvw2xq-shard-00-02.ykuyeun.mongodb.net:27017, type=REPLICA_SET_PRIMARY, state=CONNECTED, ok=true, minWireVersion=0, maxWireVersion=17, maxDocumentSize=16777216, logicalSessionTimeoutMinutes=30, roundTripTimeNanos=207162400, setName='atlas-ianckl-shard-0', canonicalAddress=ac-gcvw2xq-shard-00-02.ykuyeun.mongodb.net:27017, hosts=[ac-gcvw2xq-shard-00-00.ykuyeun.mongodb.net:27017, ac-gcvw2xq-shard-00-02.ykuyeun.mongodb.net:27017, ac-gcvw2xq-shard-00-01.ykuyeun.mongodb.net:27017], passives=[], arbiters=[], primary='ac-gcvw2xq-shard-00-02.ykuyeun.mongodb.net:27017', tagSet=TagSet{[Tag{name='availabilityZone', value='aps1-az2'}, Tag{name='diskState', value='READY'}, Tag{name='nodeType', value='ELECTABLE'}, Tag{name='provider', value='AWS'}, Tag{name='region', value='AP_SOUTH_1'}, Tag{name='workloadType', value='OPERATIONAL'}]}, electionId=7fffffff0000000000000006, setVersion=2, topologyVersion=TopologyVersion{processId=659d5e1dc45929f4079986f6, counter=8}, lastWriteDate=Mon Jan 15 00:37:30 IST 2024, lastUpdateTimeNanos=302922718176100}
2024-01-15T00:37:29.886+05:30  INFO 27156 --- [ngodb.net:27017] org.mongodb.driver.cluster               : Discovered replica set primary ac-gcvw2xq-shard-00-02.ykuyeun.mongodb.net:27017 with max election id 7fffffff0000000000000006 and max set version 2
2024-01-15T00:37:31.414+05:30  INFO 27156 --- [ngodb.net:27017] org.mongodb.driver.cluster               : Monitor thread successfully connected to server with description ServerDescription{address=ac-gcvw2xq-shard-00-01.ykuyeun.mongodb.net:27017, type=REPLICA_SET_SECONDARY, state=CONNECTED, ok=true, minWireVersion=0, maxWireVersion=17, maxDocumentSize=16777216, logicalSessionTimeoutMinutes=30, roundTripTimeNanos=195063500, setName='atlas-ianckl-shard-0', canonicalAddress=ac-gcvw2xq-shard-00-01.ykuyeun.mongodb.net:27017, hosts=[ac-gcvw2xq-shard-00-00.ykuyeun.mongodb.net:27017, ac-gcvw2xq-shard-00-02.ykuyeun.mongodb.net:27017, ac-gcvw2xq-shard-00-01.ykuyeun.mongodb.net:27017], passives=[], arbiters=[], primary='ac-gcvw2xq-shard-00-02.ykuyeun.mongodb.net:27017', tagSet=TagSet{[Tag{name='availabilityZone', value='aps1-az3'}, Tag{name='diskState', value='READY'}, Tag{name='nodeType', value='ELECTABLE'}, Tag{name='provider', value='AWS'}, Tag{name='region', value='AP_SOUTH_1'}, Tag{name='workloadType', value='OPERATIONAL'}]}, electionId=null, setVersion=2, topologyVersion=TopologyVersion{processId=659d999d93d8e945b224a4b8, counter=5}, lastWriteDate=Mon Jan 15 00:37:32 IST 2024, lastUpdateTimeNanos=302924248907000}
]]></system-out>
    <system-err><![CDATA[WARNING: A Java agent has been loaded dynamically (C:\Users\suren\.m2\repository\net\bytebuddy\byte-buddy-agent\1.14.10\byte-buddy-agent-1.14.10.jar)
WARNING: If a serviceability tool is in use, please run with -XX:+EnableDynamicAgentLoading to hide this warning
WARNING: If a serviceability tool is not in use, please run with -Djdk.instrument.traceUsage for more information
WARNING: Dynamic loading of agents will be disallowed by default in a future release
]]></system-err>
  </testcase>
</testsuite>